-- The C compiler identification is GNU 13.3.0
-- The CXX compiler identification is GNU 13.3.0
-- Detecting C compiler ABI info
-- Detecting C compiler ABI info - done
-- Check for working C compiler: /usr/bin/cc - skipped
-- Detecting C compile features
-- Detecting C compile features - done
-- Detecting CXX compiler ABI info
-- Detecting CXX compiler ABI info - done
-- Check for working CXX compiler: /usr/bin/c++ - skipped
-- Detecting CXX compile features
-- Detecting CXX compile features - done
-- Found ament_cmake: 2.5.4 (/opt/ros/jazzy/share/ament_cmake/cmake)
-- Found Python3: /usr/bin/python3 (found version "3.12.3") found components: Interpreter 
-- Found ament_lint_auto: 0.17.3 (/opt/ros/jazzy/share/ament_lint_auto/cmake)
-- Added test 'lint_cmake' to check CMake code style
-- Added test 'xmllint' to check XML markup files
-- Configuring done (0.6s)
-- Generating done (0.0s)
-- Build files have been written to: /root/ros2course/ch2-2-defining-messages/build/example_messages
-- Install configuration: ""
-- Installing: /root/ros2course/ch2-2-defining-messages/install/example_messages/share/ament_index/resource_index/package_run_dependencies/example_messages
-- Installing: /root/ros2course/ch2-2-defining-messages/install/example_messages/share/ament_index/resource_index/parent_prefix_path/example_messages
-- Installing: /root/ros2course/ch2-2-defining-messages/install/example_messages/share/example_messages/environment/ament_prefix_path.sh
-- Installing: /root/ros2course/ch2-2-defining-messages/install/example_messages/share/example_messages/environment/ament_prefix_path.dsv
-- Installing: /root/ros2course/ch2-2-defining-messages/install/example_messages/share/example_messages/environment/path.sh
-- Installing: /root/ros2course/ch2-2-defining-messages/install/example_messages/share/example_messages/environment/path.dsv
-- Installing: /root/ros2course/ch2-2-defining-messages/install/example_messages/share/example_messages/local_setup.bash
-- Installing: /root/ros2course/ch2-2-defining-messages/install/example_messages/share/example_messages/local_setup.sh
-- Installing: /root/ros2course/ch2-2-defining-messages/install/example_messages/share/example_messages/local_setup.zsh
-- Installing: /root/ros2course/ch2-2-defining-messages/install/example_messages/share/example_messages/local_setup.dsv
-- Installing: /root/ros2course/ch2-2-defining-messages/install/example_messages/share/example_messages/package.dsv
-- Installing: /root/ros2course/ch2-2-defining-messages/install/example_messages/share/ament_index/resource_index/packages/example_messages
-- Installing: /root/ros2course/ch2-2-defining-messages/install/example_messages/share/example_messages/cmake/example_messagesConfig.cmake
-- Installing: /root/ros2course/ch2-2-defining-messages/install/example_messages/share/example_messages/cmake/example_messagesConfig-version.cmake
-- Installing: /root/ros2course/ch2-2-defining-messages/install/example_messages/share/example_messages/package.xml
