[0.457s] Invoking command in '/root/ros2course/ch2-3-make-the-nodes-talk/build/broadcast_node': AMENT_PREFIX_PATH=/root/ros2course/ch2-3-make-the-nodes-talk/install/msg_package:${AMENT_PREFIX_PATH} CMAKE_PREFIX_PATH=/root/ros2course/ch2-3-make-the-nodes-talk/install/msg_package:${CMAKE_PREFIX_PATH} LD_LIBRARY_PATH=/root/ros2course/ch2-3-make-the-nodes-talk/install/msg_package/lib:${LD_LIBRARY_PATH} PYTHONPATH=/root/ros2course/ch2-3-make-the-nodes-talk/build/broadcast_node/prefix_override:/usr/lib/python3/dist-packages/colcon_core/task/python/colcon_distutils_commands:/root/ros2course/ch2-3-make-the-nodes-talk/install/broadcast_node/lib/python3.12/site-packages:/root/ros2course/ch2-3-make-the-nodes-talk/install/msg_package/lib/python3.12/site-packages:${PYTHONPATH} /usr/bin/python3 -W ignore:setup.py install is deprecated -W ignore:easy_install command is deprecated setup.py develop --editable --build-directory /root/ros2course/ch2-3-make-the-nodes-talk/build/broadcast_node/build --no-deps symlink_data
[0.642s] running develop
[0.735s] running egg_info
[0.736s] creating broadcast_node.egg-info
[0.746s] writing broadcast_node.egg-info/PKG-INFO
[0.746s] writing dependency_links to broadcast_node.egg-info/dependency_links.txt
[0.747s] writing entry points to broadcast_node.egg-info/entry_points.txt
[0.747s] writing requirements to broadcast_node.egg-info/requires.txt
[0.747s] writing top-level names to broadcast_node.egg-info/top_level.txt
[0.747s] writing manifest file 'broadcast_node.egg-info/SOURCES.txt'
[0.766s] reading manifest file 'broadcast_node.egg-info/SOURCES.txt'
[0.767s] writing manifest file 'broadcast_node.egg-info/SOURCES.txt'
[0.777s] running build_ext
[0.777s] Creating /root/ros2course/ch2-3-make-the-nodes-talk/install/broadcast_node/lib/python3.12/site-packages/broadcast-node.egg-link (link to .)
[0.777s] Installing broadcast script to /root/ros2course/ch2-3-make-the-nodes-talk/install/broadcast_node/lib/broadcast_node
[0.778s] 
[0.778s] Installed /root/ros2course/ch2-3-make-the-nodes-talk/build/broadcast_node
[0.778s] running symlink_data
[0.778s] creating /root/ros2course/ch2-3-make-the-nodes-talk/install/broadcast_node/share/ament_index
[0.778s] creating /root/ros2course/ch2-3-make-the-nodes-talk/install/broadcast_node/share/ament_index/resource_index
[0.778s] creating /root/ros2course/ch2-3-make-the-nodes-talk/install/broadcast_node/share/ament_index/resource_index/packages
[0.778s] symbolically linking /root/ros2course/ch2-3-make-the-nodes-talk/build/broadcast_node/resource/broadcast_node -> /root/ros2course/ch2-3-make-the-nodes-talk/install/broadcast_node/share/ament_index/resource_index/packages
[0.778s] symbolically linking /root/ros2course/ch2-3-make-the-nodes-talk/build/broadcast_node/package.xml -> /root/ros2course/ch2-3-make-the-nodes-talk/install/broadcast_node/share/broadcast_node
[0.798s] Invoked command in '/root/ros2course/ch2-3-make-the-nodes-talk/build/broadcast_node' returned '0': AMENT_PREFIX_PATH=/root/ros2course/ch2-3-make-the-nodes-talk/install/msg_package:${AMENT_PREFIX_PATH} CMAKE_PREFIX_PATH=/root/ros2course/ch2-3-make-the-nodes-talk/install/msg_package:${CMAKE_PREFIX_PATH} LD_LIBRARY_PATH=/root/ros2course/ch2-3-make-the-nodes-talk/install/msg_package/lib:${LD_LIBRARY_PATH} PYTHONPATH=/root/ros2course/ch2-3-make-the-nodes-talk/build/broadcast_node/prefix_override:/usr/lib/python3/dist-packages/colcon_core/task/python/colcon_distutils_commands:/root/ros2course/ch2-3-make-the-nodes-talk/install/broadcast_node/lib/python3.12/site-packages:/root/ros2course/ch2-3-make-the-nodes-talk/install/msg_package/lib/python3.12/site-packages:${PYTHONPATH} /usr/bin/python3 -W ignore:setup.py install is deprecated -W ignore:easy_install command is deprecated setup.py develop --editable --build-directory /root/ros2course/ch2-3-make-the-nodes-talk/build/broadcast_node/build --no-deps symlink_data
