[0.563s] Invoking command in '/root/ros2course/ch2-3-make-the-nodes-talk/build/listener_node': PYTHONPATH=/root/ros2course/ch2-3-make-the-nodes-talk/build/listener_node/prefix_override:/usr/lib/python3/dist-packages/colcon_core/task/python/colcon_distutils_commands:/root/ros2course/ch2-3-make-the-nodes-talk/install/listener_node/lib/python3.12/site-packages:${PYTHONPATH} /usr/bin/python3 -W ignore:setup.py install is deprecated -W ignore:easy_install command is deprecated setup.py develop --editable --build-directory /root/ros2course/ch2-3-make-the-nodes-talk/build/listener_node/build --no-deps symlink_data
[0.750s] running develop
[0.853s] running egg_info
[0.853s] creating listener_node.egg-info
[0.862s] writing listener_node.egg-info/PKG-INFO
[0.862s] writing dependency_links to listener_node.egg-info/dependency_links.txt
[0.862s] writing entry points to listener_node.egg-info/entry_points.txt
[0.863s] writing requirements to listener_node.egg-info/requires.txt
[0.863s] writing top-level names to listener_node.egg-info/top_level.txt
[0.863s] writing manifest file 'listener_node.egg-info/SOURCES.txt'
[0.883s] reading manifest file 'listener_node.egg-info/SOURCES.txt'
[0.883s] writing manifest file 'listener_node.egg-info/SOURCES.txt'
[0.894s] running build_ext
[0.894s] Creating /root/ros2course/ch2-3-make-the-nodes-talk/install/listener_node/lib/python3.12/site-packages/listener-node.egg-link (link to .)
[0.894s] Installing listener script to /root/ros2course/ch2-3-make-the-nodes-talk/install/listener_node/lib/listener_node
[0.895s] Installing service_client script to /root/ros2course/ch2-3-make-the-nodes-talk/install/listener_node/lib/listener_node
[0.895s] 
[0.895s] Installed /root/ros2course/ch2-3-make-the-nodes-talk/build/listener_node
[0.895s] running symlink_data
[0.895s] creating /root/ros2course/ch2-3-make-the-nodes-talk/install/listener_node/share/ament_index
[0.895s] creating /root/ros2course/ch2-3-make-the-nodes-talk/install/listener_node/share/ament_index/resource_index
[0.896s] creating /root/ros2course/ch2-3-make-the-nodes-talk/install/listener_node/share/ament_index/resource_index/packages
[0.896s] symbolically linking /root/ros2course/ch2-3-make-the-nodes-talk/build/listener_node/resource/listener_node -> /root/ros2course/ch2-3-make-the-nodes-talk/install/listener_node/share/ament_index/resource_index/packages
[0.896s] symbolically linking /root/ros2course/ch2-3-make-the-nodes-talk/build/listener_node/package.xml -> /root/ros2course/ch2-3-make-the-nodes-talk/install/listener_node/share/listener_node
[0.919s] Invoked command in '/root/ros2course/ch2-3-make-the-nodes-talk/build/listener_node' returned '0': PYTHONPATH=/root/ros2course/ch2-3-make-the-nodes-talk/build/listener_node/prefix_override:/usr/lib/python3/dist-packages/colcon_core/task/python/colcon_distutils_commands:/root/ros2course/ch2-3-make-the-nodes-talk/install/listener_node/lib/python3.12/site-packages:${PYTHONPATH} /usr/bin/python3 -W ignore:setup.py install is deprecated -W ignore:easy_install command is deprecated setup.py develop --editable --build-directory /root/ros2course/ch2-3-make-the-nodes-talk/build/listener_node/build --no-deps symlink_data
