[0.153s] DEBUG:colcon:Command line arguments: ['/usr/bin/colcon', 'build', '--symlink-install']
[0.153s] DEBUG:colcon:Parsed command line arguments: Namespace(log_base=None, log_level=None, verb_name='build', build_base='build', install_base='install', merge_install=False, symlink_install=True, test_result_base=None, continue_on_error=False, executor='parallel', parallel_workers=16, event_handlers=None, ignore_user_meta=False, metas=['./colcon.meta'], base_paths=['.'], packages_ignore=None, packages_ignore_regex=None, paths=None, packages_up_to=None, packages_up_to_regex=None, packages_above=None, packages_above_and_dependencies=None, packages_above_depth=None, packages_select_by_dep=None, packages_skip_by_dep=None, packages_skip_up_to=None, packages_select_build_failed=False, packages_skip_build_finished=False, packages_select_test_failures=False, packages_skip_test_passed=False, packages_select=None, packages_skip=None, packages_select_regex=None, packages_skip_regex=None, packages_start=None, packages_end=None, cmake_args=None, cmake_target=None, cmake_target_skip_unavailable=False, cmake_clean_cache=False, cmake_clean_first=False, cmake_force_configure=False, ament_cmake_args=None, catkin_cmake_args=None, catkin_skip_building_tests=False, mixin_files=None, mixin=None, verb_parser=<colcon_mixin.mixin.mixin_argument.MixinArgumentDecorator object at 0x7b139801d310>, verb_extension=<colcon_core.verb.build.BuildVerb object at 0x7b13982310a0>, main=<bound method BuildVerb.main of <colcon_core.verb.build.BuildVerb object at 0x7b13982310a0>>, mixin_verb=('build',))
[0.199s] Level 1:colcon.colcon_core.package_discovery:discover_packages(colcon_meta) check parameters
[0.199s] Level 1:colcon.colcon_core.package_discovery:discover_packages(recursive) check parameters
[0.199s] Level 1:colcon.colcon_core.package_discovery:discover_packages(ignore) check parameters
[0.199s] Level 1:colcon.colcon_core.package_discovery:discover_packages(path) check parameters
[0.199s] Level 1:colcon.colcon_core.package_discovery:discover_packages(colcon_meta) discover
[0.200s] Level 1:colcon.colcon_core.package_discovery:discover_packages(recursive) discover
[0.200s] INFO:colcon.colcon_core.package_discovery:Crawling recursively for packages in '/root/ros2course/ch2-3-make-the-nodes-talk'
[0.200s] Level 1:colcon.colcon_core.package_identification:_identify(.) by extensions ['ignore', 'ignore_ament_install']
[0.200s] Level 1:colcon.colcon_core.package_identification:_identify(.) by extension 'ignore'
[0.200s] Level 1:colcon.colcon_core.package_identification:_identify(.) by extension 'ignore_ament_install'
[0.200s] Level 1:colcon.colcon_core.package_identification:_identify(.) by extensions ['colcon_pkg']
[0.200s] Level 1:colcon.colcon_core.package_identification:_identify(.) by extension 'colcon_pkg'
[0.200s] Level 1:colcon.colcon_core.package_identification:_identify(.) by extensions ['colcon_meta']
[0.200s] Level 1:colcon.colcon_core.package_identification:_identify(.) by extension 'colcon_meta'
[0.200s] Level 1:colcon.colcon_core.package_identification:_identify(.) by extensions ['ros']
[0.200s] Level 1:colcon.colcon_core.package_identification:_identify(.) by extension 'ros'
[0.222s] Level 1:colcon.colcon_core.package_identification:_identify(.) by extensions ['cmake', 'python']
[0.222s] Level 1:colcon.colcon_core.package_identification:_identify(.) by extension 'cmake'
[0.222s] Level 1:colcon.colcon_core.package_identification:_identify(.) by extension 'python'
[0.222s] Level 1:colcon.colcon_core.package_identification:_identify(.) by extensions ['python_setup_py']
[0.222s] Level 1:colcon.colcon_core.package_identification:_identify(.) by extension 'python_setup_py'
[0.223s] Level 1:colcon.colcon_core.package_identification:_identify(build) by extensions ['ignore', 'ignore_ament_install']
[0.223s] Level 1:colcon.colcon_core.package_identification:_identify(build) by extension 'ignore'
[0.223s] Level 1:colcon.colcon_core.package_identification:_identify(build) ignored
[0.223s] Level 1:colcon.colcon_core.package_identification:_identify(install) by extensions ['ignore', 'ignore_ament_install']
[0.223s] Level 1:colcon.colcon_core.package_identification:_identify(install) by extension 'ignore'
[0.223s] Level 1:colcon.colcon_core.package_identification:_identify(install) ignored
[0.223s] Level 1:colcon.colcon_core.package_identification:_identify(log) by extensions ['ignore', 'ignore_ament_install']
[0.223s] Level 1:colcon.colcon_core.package_identification:_identify(log) by extension 'ignore'
[0.223s] Level 1:colcon.colcon_core.package_identification:_identify(log) ignored
[0.223s] Level 1:colcon.colcon_core.package_identification:_identify(src) by extensions ['ignore', 'ignore_ament_install']
[0.223s] Level 1:colcon.colcon_core.package_identification:_identify(src) by extension 'ignore'
[0.223s] Level 1:colcon.colcon_core.package_identification:_identify(src) by extension 'ignore_ament_install'
[0.223s] Level 1:colcon.colcon_core.package_identification:_identify(src) by extensions ['colcon_pkg']
[0.223s] Level 1:colcon.colcon_core.package_identification:_identify(src) by extension 'colcon_pkg'
[0.223s] Level 1:colcon.colcon_core.package_identification:_identify(src) by extensions ['colcon_meta']
[0.223s] Level 1:colcon.colcon_core.package_identification:_identify(src) by extension 'colcon_meta'
[0.223s] Level 1:colcon.colcon_core.package_identification:_identify(src) by extensions ['ros']
[0.223s] Level 1:colcon.colcon_core.package_identification:_identify(src) by extension 'ros'
[0.223s] Level 1:colcon.colcon_core.package_identification:_identify(src) by extensions ['cmake', 'python']
[0.223s] Level 1:colcon.colcon_core.package_identification:_identify(src) by extension 'cmake'
[0.223s] Level 1:colcon.colcon_core.package_identification:_identify(src) by extension 'python'
[0.223s] Level 1:colcon.colcon_core.package_identification:_identify(src) by extensions ['python_setup_py']
[0.223s] Level 1:colcon.colcon_core.package_identification:_identify(src) by extension 'python_setup_py'
[0.223s] Level 1:colcon.colcon_core.package_identification:_identify(src/broadcast_node) by extensions ['ignore', 'ignore_ament_install']
[0.223s] Level 1:colcon.colcon_core.package_identification:_identify(src/broadcast_node) by extension 'ignore'
[0.224s] Level 1:colcon.colcon_core.package_identification:_identify(src/broadcast_node) by extension 'ignore_ament_install'
[0.224s] Level 1:colcon.colcon_core.package_identification:_identify(src/broadcast_node) by extensions ['colcon_pkg']
[0.224s] Level 1:colcon.colcon_core.package_identification:_identify(src/broadcast_node) by extension 'colcon_pkg'
[0.224s] Level 1:colcon.colcon_core.package_identification:_identify(src/broadcast_node) by extensions ['colcon_meta']
[0.224s] Level 1:colcon.colcon_core.package_identification:_identify(src/broadcast_node) by extension 'colcon_meta'
[0.224s] Level 1:colcon.colcon_core.package_identification:_identify(src/broadcast_node) by extensions ['ros']
[0.224s] Level 1:colcon.colcon_core.package_identification:_identify(src/broadcast_node) by extension 'ros'
[0.226s] DEBUG:colcon.colcon_core.package_identification:Package 'src/broadcast_node' with type 'ros.ament_python' and name 'broadcast_node'
[0.226s] Level 1:colcon.colcon_core.package_identification:_identify(src/listener_node) by extensions ['ignore', 'ignore_ament_install']
[0.226s] Level 1:colcon.colcon_core.package_identification:_identify(src/listener_node) by extension 'ignore'
[0.226s] Level 1:colcon.colcon_core.package_identification:_identify(src/listener_node) by extension 'ignore_ament_install'
[0.226s] Level 1:colcon.colcon_core.package_identification:_identify(src/listener_node) by extensions ['colcon_pkg']
[0.226s] Level 1:colcon.colcon_core.package_identification:_identify(src/listener_node) by extension 'colcon_pkg'
[0.226s] Level 1:colcon.colcon_core.package_identification:_identify(src/listener_node) by extensions ['colcon_meta']
[0.226s] Level 1:colcon.colcon_core.package_identification:_identify(src/listener_node) by extension 'colcon_meta'
[0.226s] Level 1:colcon.colcon_core.package_identification:_identify(src/listener_node) by extensions ['ros']
[0.226s] Level 1:colcon.colcon_core.package_identification:_identify(src/listener_node) by extension 'ros'
[0.227s] DEBUG:colcon.colcon_core.package_identification:Package 'src/listener_node' with type 'ros.ament_python' and name 'listener_node'
[0.227s] Level 1:colcon.colcon_core.package_identification:_identify(src/msg_package) by extensions ['ignore', 'ignore_ament_install']
[0.227s] Level 1:colcon.colcon_core.package_identification:_identify(src/msg_package) by extension 'ignore'
[0.227s] Level 1:colcon.colcon_core.package_identification:_identify(src/msg_package) by extension 'ignore_ament_install'
[0.227s] Level 1:colcon.colcon_core.package_identification:_identify(src/msg_package) by extensions ['colcon_pkg']
[0.227s] Level 1:colcon.colcon_core.package_identification:_identify(src/msg_package) by extension 'colcon_pkg'
[0.227s] Level 1:colcon.colcon_core.package_identification:_identify(src/msg_package) by extensions ['colcon_meta']
[0.227s] Level 1:colcon.colcon_core.package_identification:_identify(src/msg_package) by extension 'colcon_meta'
[0.227s] Level 1:colcon.colcon_core.package_identification:_identify(src/msg_package) by extensions ['ros']
[0.227s] Level 1:colcon.colcon_core.package_identification:_identify(src/msg_package) by extension 'ros'
[0.228s] DEBUG:colcon.colcon_core.package_identification:Package 'src/msg_package' with type 'ros.ament_cmake' and name 'msg_package'
[0.228s] Level 1:colcon.colcon_core.package_identification:_identify(src/talker_node) by extensions ['ignore', 'ignore_ament_install']
[0.228s] Level 1:colcon.colcon_core.package_identification:_identify(src/talker_node) by extension 'ignore'
[0.228s] Level 1:colcon.colcon_core.package_identification:_identify(src/talker_node) by extension 'ignore_ament_install'
[0.228s] Level 1:colcon.colcon_core.package_identification:_identify(src/talker_node) by extensions ['colcon_pkg']
[0.228s] Level 1:colcon.colcon_core.package_identification:_identify(src/talker_node) by extension 'colcon_pkg'
[0.228s] Level 1:colcon.colcon_core.package_identification:_identify(src/talker_node) by extensions ['colcon_meta']
[0.228s] Level 1:colcon.colcon_core.package_identification:_identify(src/talker_node) by extension 'colcon_meta'
[0.228s] Level 1:colcon.colcon_core.package_identification:_identify(src/talker_node) by extensions ['ros']
[0.228s] Level 1:colcon.colcon_core.package_identification:_identify(src/talker_node) by extension 'ros'
[0.228s] DEBUG:colcon.colcon_core.package_identification:Package 'src/talker_node' with type 'ros.ament_cmake' and name 'talker_node'
[0.228s] Level 1:colcon.colcon_core.package_discovery:discover_packages(recursive) using defaults
[0.228s] Level 1:colcon.colcon_core.package_discovery:discover_packages(ignore) discover
[0.228s] Level 1:colcon.colcon_core.package_discovery:discover_packages(ignore) using defaults
[0.228s] Level 1:colcon.colcon_core.package_discovery:discover_packages(path) discover
[0.228s] Level 1:colcon.colcon_core.package_discovery:discover_packages(path) using defaults
[0.246s] Level 5:colcon.colcon_core.verb:set package 'listener_node' build argument 'cmake_args' from command line to 'None'
[0.246s] Level 5:colcon.colcon_core.verb:set package 'listener_node' build argument 'cmake_target' from command line to 'None'
[0.246s] Level 5:colcon.colcon_core.verb:set package 'listener_node' build argument 'cmake_target_skip_unavailable' from command line to 'False'
[0.246s] Level 5:colcon.colcon_core.verb:set package 'listener_node' build argument 'cmake_clean_cache' from command line to 'False'
[0.246s] Level 5:colcon.colcon_core.verb:set package 'listener_node' build argument 'cmake_clean_first' from command line to 'False'
[0.246s] Level 5:colcon.colcon_core.verb:set package 'listener_node' build argument 'cmake_force_configure' from command line to 'False'
[0.246s] Level 5:colcon.colcon_core.verb:set package 'listener_node' build argument 'ament_cmake_args' from command line to 'None'
[0.246s] Level 5:colcon.colcon_core.verb:set package 'listener_node' build argument 'catkin_cmake_args' from command line to 'None'
[0.246s] Level 5:colcon.colcon_core.verb:set package 'listener_node' build argument 'catkin_skip_building_tests' from command line to 'False'
[0.247s] DEBUG:colcon.colcon_core.verb:Building package 'listener_node' with the following arguments: {'ament_cmake_args': None, 'build_base': '/root/ros2course/ch2-3-make-the-nodes-talk/build/listener_node', 'catkin_cmake_args': None, 'catkin_skip_building_tests': False, 'cmake_args': None, 'cmake_clean_cache': False, 'cmake_clean_first': False, 'cmake_force_configure': False, 'cmake_target': None, 'cmake_target_skip_unavailable': False, 'install_base': '/root/ros2course/ch2-3-make-the-nodes-talk/install/listener_node', 'merge_install': False, 'path': '/root/ros2course/ch2-3-make-the-nodes-talk/src/listener_node', 'symlink_install': True, 'test_result_base': None}
[0.247s] Level 5:colcon.colcon_core.verb:set package 'msg_package' build argument 'cmake_args' from command line to 'None'
[0.247s] Level 5:colcon.colcon_core.verb:set package 'msg_package' build argument 'cmake_target' from command line to 'None'
[0.247s] Level 5:colcon.colcon_core.verb:set package 'msg_package' build argument 'cmake_target_skip_unavailable' from command line to 'False'
[0.247s] Level 5:colcon.colcon_core.verb:set package 'msg_package' build argument 'cmake_clean_cache' from command line to 'False'
[0.247s] Level 5:colcon.colcon_core.verb:set package 'msg_package' build argument 'cmake_clean_first' from command line to 'False'
[0.247s] Level 5:colcon.colcon_core.verb:set package 'msg_package' build argument 'cmake_force_configure' from command line to 'False'
[0.247s] Level 5:colcon.colcon_core.verb:set package 'msg_package' build argument 'ament_cmake_args' from command line to 'None'
[0.247s] Level 5:colcon.colcon_core.verb:set package 'msg_package' build argument 'catkin_cmake_args' from command line to 'None'
[0.247s] Level 5:colcon.colcon_core.verb:set package 'msg_package' build argument 'catkin_skip_building_tests' from command line to 'False'
[0.247s] DEBUG:colcon.colcon_core.verb:Building package 'msg_package' with the following arguments: {'ament_cmake_args': None, 'build_base': '/root/ros2course/ch2-3-make-the-nodes-talk/build/msg_package', 'catkin_cmake_args': None, 'catkin_skip_building_tests': False, 'cmake_args': None, 'cmake_clean_cache': False, 'cmake_clean_first': False, 'cmake_force_configure': False, 'cmake_target': None, 'cmake_target_skip_unavailable': False, 'install_base': '/root/ros2course/ch2-3-make-the-nodes-talk/install/msg_package', 'merge_install': False, 'path': '/root/ros2course/ch2-3-make-the-nodes-talk/src/msg_package', 'symlink_install': True, 'test_result_base': None}
[0.247s] Level 5:colcon.colcon_core.verb:set package 'broadcast_node' build argument 'cmake_args' from command line to 'None'
[0.247s] Level 5:colcon.colcon_core.verb:set package 'broadcast_node' build argument 'cmake_target' from command line to 'None'
[0.247s] Level 5:colcon.colcon_core.verb:set package 'broadcast_node' build argument 'cmake_target_skip_unavailable' from command line to 'False'
[0.247s] Level 5:colcon.colcon_core.verb:set package 'broadcast_node' build argument 'cmake_clean_cache' from command line to 'False'
[0.247s] Level 5:colcon.colcon_core.verb:set package 'broadcast_node' build argument 'cmake_clean_first' from command line to 'False'
[0.247s] Level 5:colcon.colcon_core.verb:set package 'broadcast_node' build argument 'cmake_force_configure' from command line to 'False'
[0.247s] Level 5:colcon.colcon_core.verb:set package 'broadcast_node' build argument 'ament_cmake_args' from command line to 'None'
[0.247s] Level 5:colcon.colcon_core.verb:set package 'broadcast_node' build argument 'catkin_cmake_args' from command line to 'None'
[0.247s] Level 5:colcon.colcon_core.verb:set package 'broadcast_node' build argument 'catkin_skip_building_tests' from command line to 'False'
[0.247s] DEBUG:colcon.colcon_core.verb:Building package 'broadcast_node' with the following arguments: {'ament_cmake_args': None, 'build_base': '/root/ros2course/ch2-3-make-the-nodes-talk/build/broadcast_node', 'catkin_cmake_args': None, 'catkin_skip_building_tests': False, 'cmake_args': None, 'cmake_clean_cache': False, 'cmake_clean_first': False, 'cmake_force_configure': False, 'cmake_target': None, 'cmake_target_skip_unavailable': False, 'install_base': '/root/ros2course/ch2-3-make-the-nodes-talk/install/broadcast_node', 'merge_install': False, 'path': '/root/ros2course/ch2-3-make-the-nodes-talk/src/broadcast_node', 'symlink_install': True, 'test_result_base': None}
[0.247s] Level 5:colcon.colcon_core.verb:set package 'talker_node' build argument 'cmake_args' from command line to 'None'
[0.247s] Level 5:colcon.colcon_core.verb:set package 'talker_node' build argument 'cmake_target' from command line to 'None'
[0.247s] Level 5:colcon.colcon_core.verb:set package 'talker_node' build argument 'cmake_target_skip_unavailable' from command line to 'False'
[0.247s] Level 5:colcon.colcon_core.verb:set package 'talker_node' build argument 'cmake_clean_cache' from command line to 'False'
[0.247s] Level 5:colcon.colcon_core.verb:set package 'talker_node' build argument 'cmake_clean_first' from command line to 'False'
[0.247s] Level 5:colcon.colcon_core.verb:set package 'talker_node' build argument 'cmake_force_configure' from command line to 'False'
[0.247s] Level 5:colcon.colcon_core.verb:set package 'talker_node' build argument 'ament_cmake_args' from command line to 'None'
[0.247s] Level 5:colcon.colcon_core.verb:set package 'talker_node' build argument 'catkin_cmake_args' from command line to 'None'
[0.247s] Level 5:colcon.colcon_core.verb:set package 'talker_node' build argument 'catkin_skip_building_tests' from command line to 'False'
[0.247s] DEBUG:colcon.colcon_core.verb:Building package 'talker_node' with the following arguments: {'ament_cmake_args': None, 'build_base': '/root/ros2course/ch2-3-make-the-nodes-talk/build/talker_node', 'catkin_cmake_args': None, 'catkin_skip_building_tests': False, 'cmake_args': None, 'cmake_clean_cache': False, 'cmake_clean_first': False, 'cmake_force_configure': False, 'cmake_target': None, 'cmake_target_skip_unavailable': False, 'install_base': '/root/ros2course/ch2-3-make-the-nodes-talk/install/talker_node', 'merge_install': False, 'path': '/root/ros2course/ch2-3-make-the-nodes-talk/src/talker_node', 'symlink_install': True, 'test_result_base': None}
[0.247s] INFO:colcon.colcon_core.executor:Executing jobs using 'parallel' executor
[0.248s] DEBUG:colcon.colcon_parallel_executor.executor.parallel:run_until_complete
[0.248s] INFO:colcon.colcon_ros.task.ament_cmake.build:Building ROS package in '/root/ros2course/ch2-3-make-the-nodes-talk/src/msg_package' with build type 'ament_cmake'
[0.249s] INFO:colcon.colcon_cmake.task.cmake.build:Building CMake package in '/root/ros2course/ch2-3-make-the-nodes-talk/src/msg_package'
[0.252s] INFO:colcon.colcon_core.plugin_system:Skipping extension 'colcon_core.shell.bat': Not used on non-Windows systems
[0.252s] INFO:colcon.colcon_core.shell:Skip shell extension 'powershell' for command environment: Not usable outside of PowerShell
[0.252s] DEBUG:colcon.colcon_core.shell:Skip shell extension 'dsv' for command environment
[0.257s] INFO:colcon.colcon_ros.task.ament_python.build:Building ROS package in '/root/ros2course/ch2-3-make-the-nodes-talk/src/listener_node' with build type 'ament_python'
[0.257s] Level 1:colcon.colcon_core.shell:create_environment_hook('listener_node', 'ament_prefix_path')
[0.257s] INFO:colcon.colcon_core.shell:Creating environment hook '/root/ros2course/ch2-3-make-the-nodes-talk/install/listener_node/share/listener_node/hook/ament_prefix_path.ps1'
[0.259s] INFO:colcon.colcon_core.shell:Creating environment descriptor '/root/ros2course/ch2-3-make-the-nodes-talk/install/listener_node/share/listener_node/hook/ament_prefix_path.dsv'
[0.259s] INFO:colcon.colcon_core.shell:Creating environment hook '/root/ros2course/ch2-3-make-the-nodes-talk/install/listener_node/share/listener_node/hook/ament_prefix_path.sh'
[0.260s] INFO:colcon.colcon_core.shell:Skip shell extension 'powershell' for command environment: Not usable outside of PowerShell
[0.260s] DEBUG:colcon.colcon_core.shell:Skip shell extension 'dsv' for command environment
[0.266s] DEBUG:colcon.colcon_core.event_handler.log_command:Invoking command in '/root/ros2course/ch2-3-make-the-nodes-talk/build/msg_package': CMAKE_PREFIX_PATH=${CMAKE_PREFIX_PATH}:/root/ros2course/ch2-1-creating-nodes/ros2-node-test-workspace/install/ros2-sample-package-python:/opt/ros/jazzy /usr/bin/cmake /root/ros2course/ch2-3-make-the-nodes-talk/src/msg_package -DAMENT_CMAKE_SYMLINK_INSTALL=1 -DCMAKE_INSTALL_PREFIX=/root/ros2course/ch2-3-make-the-nodes-talk/install/msg_package
[0.401s] INFO:colcon.colcon_core.task.python.build:Building Python package in '/root/ros2course/ch2-3-make-the-nodes-talk/src/listener_node'
[0.401s] INFO:colcon.colcon_core.shell:Skip shell extension 'powershell' for command environment: Not usable outside of PowerShell
[0.401s] DEBUG:colcon.colcon_core.shell:Skip shell extension 'dsv' for command environment
[0.821s] DEBUG:colcon.colcon_core.event_handler.log_command:Invoking command in '/root/ros2course/ch2-3-make-the-nodes-talk/build/listener_node': PYTHONPATH=/root/ros2course/ch2-3-make-the-nodes-talk/build/listener_node/prefix_override:/usr/lib/python3/dist-packages/colcon_core/task/python/colcon_distutils_commands:/root/ros2course/ch2-3-make-the-nodes-talk/install/listener_node/lib/python3.12/site-packages:${PYTHONPATH} /usr/bin/python3 -W ignore:setup.py install is deprecated -W ignore:easy_install command is deprecated setup.py develop --editable --build-directory /root/ros2course/ch2-3-make-the-nodes-talk/build/listener_node/build --no-deps symlink_data
[1.174s] Level 1:colcon.colcon_core.shell:create_environment_hook('listener_node', 'pythonpath_develop')
[1.175s] INFO:colcon.colcon_core.shell:Creating environment hook '/root/ros2course/ch2-3-make-the-nodes-talk/build/listener_node/share/listener_node/hook/pythonpath_develop.ps1'
[1.175s] DEBUG:colcon.colcon_core.event_handler.log_command:Invoked command in '/root/ros2course/ch2-3-make-the-nodes-talk/build/listener_node' returned '0': PYTHONPATH=/root/ros2course/ch2-3-make-the-nodes-talk/build/listener_node/prefix_override:/usr/lib/python3/dist-packages/colcon_core/task/python/colcon_distutils_commands:/root/ros2course/ch2-3-make-the-nodes-talk/install/listener_node/lib/python3.12/site-packages:${PYTHONPATH} /usr/bin/python3 -W ignore:setup.py install is deprecated -W ignore:easy_install command is deprecated setup.py develop --editable --build-directory /root/ros2course/ch2-3-make-the-nodes-talk/build/listener_node/build --no-deps symlink_data
[1.176s] INFO:colcon.colcon_core.shell:Creating environment descriptor '/root/ros2course/ch2-3-make-the-nodes-talk/build/listener_node/share/listener_node/hook/pythonpath_develop.dsv'
[1.176s] INFO:colcon.colcon_core.shell:Creating environment hook '/root/ros2course/ch2-3-make-the-nodes-talk/build/listener_node/share/listener_node/hook/pythonpath_develop.sh'
[1.181s] Level 1:colcon.colcon_core.environment:checking '/root/ros2course/ch2-3-make-the-nodes-talk/install/listener_node' for CMake module files
[1.181s] Level 1:colcon.colcon_core.environment:checking '/root/ros2course/ch2-3-make-the-nodes-talk/install/listener_node' for CMake config files
[1.182s] Level 1:colcon.colcon_core.environment:checking '/root/ros2course/ch2-3-make-the-nodes-talk/install/listener_node/lib'
[1.182s] Level 1:colcon.colcon_core.environment:checking '/root/ros2course/ch2-3-make-the-nodes-talk/install/listener_node/bin'
[1.182s] Level 1:colcon.colcon_core.environment:checking '/root/ros2course/ch2-3-make-the-nodes-talk/install/listener_node/lib/pkgconfig/listener_node.pc'
[1.182s] Level 1:colcon.colcon_core.environment:checking '/root/ros2course/ch2-3-make-the-nodes-talk/install/listener_node/lib/python3.12/site-packages'
[1.182s] Level 1:colcon.colcon_core.shell:create_environment_hook('listener_node', 'pythonpath')
[1.182s] INFO:colcon.colcon_core.shell:Creating environment hook '/root/ros2course/ch2-3-make-the-nodes-talk/install/listener_node/share/listener_node/hook/pythonpath.ps1'
[1.182s] INFO:colcon.colcon_core.shell:Creating environment descriptor '/root/ros2course/ch2-3-make-the-nodes-talk/install/listener_node/share/listener_node/hook/pythonpath.dsv'
[1.183s] INFO:colcon.colcon_core.shell:Creating environment hook '/root/ros2course/ch2-3-make-the-nodes-talk/install/listener_node/share/listener_node/hook/pythonpath.sh'
[1.183s] Level 1:colcon.colcon_core.environment:checking '/root/ros2course/ch2-3-make-the-nodes-talk/install/listener_node/bin'
[1.183s] Level 1:colcon.colcon_core.environment:create_environment_scripts_only(listener_node)
[1.183s] INFO:colcon.colcon_core.shell:Creating package script '/root/ros2course/ch2-3-make-the-nodes-talk/install/listener_node/share/listener_node/package.ps1'
[1.184s] INFO:colcon.colcon_core.shell:Creating package descriptor '/root/ros2course/ch2-3-make-the-nodes-talk/install/listener_node/share/listener_node/package.dsv'
[1.185s] INFO:colcon.colcon_core.shell:Creating package script '/root/ros2course/ch2-3-make-the-nodes-talk/install/listener_node/share/listener_node/package.sh'
[1.185s] INFO:colcon.colcon_core.shell:Creating package script '/root/ros2course/ch2-3-make-the-nodes-talk/install/listener_node/share/listener_node/package.bash'
[1.186s] INFO:colcon.colcon_core.shell:Creating package script '/root/ros2course/ch2-3-make-the-nodes-talk/install/listener_node/share/listener_node/package.zsh'
[1.186s] Level 1:colcon.colcon_core.environment:create_file_with_runtime_dependencies(/root/ros2course/ch2-3-make-the-nodes-talk/install/listener_node/share/colcon-core/packages/listener_node)
[2.825s] DEBUG:colcon.colcon_core.event_handler.log_command:Invoked command in '/root/ros2course/ch2-3-make-the-nodes-talk/build/msg_package' returned '0': CMAKE_PREFIX_PATH=${CMAKE_PREFIX_PATH}:/root/ros2course/ch2-1-creating-nodes/ros2-node-test-workspace/install/ros2-sample-package-python:/opt/ros/jazzy /usr/bin/cmake /root/ros2course/ch2-3-make-the-nodes-talk/src/msg_package -DAMENT_CMAKE_SYMLINK_INSTALL=1 -DCMAKE_INSTALL_PREFIX=/root/ros2course/ch2-3-make-the-nodes-talk/install/msg_package
[2.826s] DEBUG:colcon.colcon_core.event_handler.log_command:Invoking command in '/root/ros2course/ch2-3-make-the-nodes-talk/build/msg_package': CMAKE_PREFIX_PATH=${CMAKE_PREFIX_PATH}:/root/ros2course/ch2-1-creating-nodes/ros2-node-test-workspace/install/ros2-sample-package-python:/opt/ros/jazzy /usr/bin/cmake --build /root/ros2course/ch2-3-make-the-nodes-talk/build/msg_package -- -j16 -l16
[4.622s] DEBUG:colcon.colcon_core.event_handler.log_command:Invoked command in '/root/ros2course/ch2-3-make-the-nodes-talk/build/msg_package' returned '0': CMAKE_PREFIX_PATH=${CMAKE_PREFIX_PATH}:/root/ros2course/ch2-1-creating-nodes/ros2-node-test-workspace/install/ros2-sample-package-python:/opt/ros/jazzy /usr/bin/cmake --build /root/ros2course/ch2-3-make-the-nodes-talk/build/msg_package -- -j16 -l16
[4.629s] DEBUG:colcon.colcon_core.event_handler.log_command:Invoking command in '/root/ros2course/ch2-3-make-the-nodes-talk/build/msg_package': CMAKE_PREFIX_PATH=${CMAKE_PREFIX_PATH}:/root/ros2course/ch2-1-creating-nodes/ros2-node-test-workspace/install/ros2-sample-package-python:/opt/ros/jazzy /usr/bin/cmake --install /root/ros2course/ch2-3-make-the-nodes-talk/build/msg_package
[5.210s] Level 1:colcon.colcon_core.environment:create_environment_scripts_only(msg_package)
[5.210s] DEBUG:colcon.colcon_core.event_handler.log_command:Invoked command in '/root/ros2course/ch2-3-make-the-nodes-talk/build/msg_package' returned '0': CMAKE_PREFIX_PATH=${CMAKE_PREFIX_PATH}:/root/ros2course/ch2-1-creating-nodes/ros2-node-test-workspace/install/ros2-sample-package-python:/opt/ros/jazzy /usr/bin/cmake --install /root/ros2course/ch2-3-make-the-nodes-talk/build/msg_package
[5.210s] Level 1:colcon.colcon_core.environment:checking '/root/ros2course/ch2-3-make-the-nodes-talk/install/msg_package' for CMake module files
[5.211s] Level 1:colcon.colcon_core.environment:checking '/root/ros2course/ch2-3-make-the-nodes-talk/install/msg_package' for CMake config files
[5.212s] Level 1:colcon.colcon_core.shell:create_environment_hook('msg_package', 'cmake_prefix_path')
[5.212s] INFO:colcon.colcon_core.shell:Creating environment hook '/root/ros2course/ch2-3-make-the-nodes-talk/install/msg_package/share/msg_package/hook/cmake_prefix_path.ps1'
[5.212s] INFO:colcon.colcon_core.shell:Creating environment descriptor '/root/ros2course/ch2-3-make-the-nodes-talk/install/msg_package/share/msg_package/hook/cmake_prefix_path.dsv'
[5.213s] INFO:colcon.colcon_core.shell:Creating environment hook '/root/ros2course/ch2-3-make-the-nodes-talk/install/msg_package/share/msg_package/hook/cmake_prefix_path.sh'
[5.213s] Level 1:colcon.colcon_core.environment:checking '/root/ros2course/ch2-3-make-the-nodes-talk/install/msg_package/lib'
[5.213s] Level 1:colcon.colcon_core.shell:create_environment_hook('msg_package', 'ld_library_path_lib')
[5.213s] INFO:colcon.colcon_core.shell:Creating environment hook '/root/ros2course/ch2-3-make-the-nodes-talk/install/msg_package/share/msg_package/hook/ld_library_path_lib.ps1'
[5.213s] INFO:colcon.colcon_core.shell:Creating environment descriptor '/root/ros2course/ch2-3-make-the-nodes-talk/install/msg_package/share/msg_package/hook/ld_library_path_lib.dsv'
[5.214s] INFO:colcon.colcon_core.shell:Creating environment hook '/root/ros2course/ch2-3-make-the-nodes-talk/install/msg_package/share/msg_package/hook/ld_library_path_lib.sh'
[5.214s] Level 1:colcon.colcon_core.environment:checking '/root/ros2course/ch2-3-make-the-nodes-talk/install/msg_package/bin'
[5.214s] Level 1:colcon.colcon_core.environment:checking '/root/ros2course/ch2-3-make-the-nodes-talk/install/msg_package/lib/pkgconfig/msg_package.pc'
[5.214s] Level 1:colcon.colcon_core.environment:checking '/root/ros2course/ch2-3-make-the-nodes-talk/install/msg_package/lib/python3.12/site-packages'
[5.214s] Level 1:colcon.colcon_core.shell:create_environment_hook('msg_package', 'pythonpath')
[5.214s] INFO:colcon.colcon_core.shell:Creating environment hook '/root/ros2course/ch2-3-make-the-nodes-talk/install/msg_package/share/msg_package/hook/pythonpath.ps1'
[5.214s] INFO:colcon.colcon_core.shell:Creating environment descriptor '/root/ros2course/ch2-3-make-the-nodes-talk/install/msg_package/share/msg_package/hook/pythonpath.dsv'
[5.214s] INFO:colcon.colcon_core.shell:Creating environment hook '/root/ros2course/ch2-3-make-the-nodes-talk/install/msg_package/share/msg_package/hook/pythonpath.sh'
[5.215s] Level 1:colcon.colcon_core.environment:checking '/root/ros2course/ch2-3-make-the-nodes-talk/install/msg_package/bin'
[5.215s] INFO:colcon.colcon_core.shell:Creating package script '/root/ros2course/ch2-3-make-the-nodes-talk/install/msg_package/share/msg_package/package.ps1'
[5.215s] INFO:colcon.colcon_core.shell:Creating package descriptor '/root/ros2course/ch2-3-make-the-nodes-talk/install/msg_package/share/msg_package/package.dsv'
[5.215s] INFO:colcon.colcon_core.shell:Creating package script '/root/ros2course/ch2-3-make-the-nodes-talk/install/msg_package/share/msg_package/package.sh'
[5.216s] INFO:colcon.colcon_core.shell:Creating package script '/root/ros2course/ch2-3-make-the-nodes-talk/install/msg_package/share/msg_package/package.bash'
[5.216s] INFO:colcon.colcon_core.shell:Creating package script '/root/ros2course/ch2-3-make-the-nodes-talk/install/msg_package/share/msg_package/package.zsh'
[5.216s] Level 1:colcon.colcon_core.environment:create_file_with_runtime_dependencies(/root/ros2course/ch2-3-make-the-nodes-talk/install/msg_package/share/colcon-core/packages/msg_package)
[5.217s] Level 1:colcon.colcon_core.environment:create_environment_scripts_only(msg_package)
[5.217s] Level 1:colcon.colcon_core.environment:checking '/root/ros2course/ch2-3-make-the-nodes-talk/install/msg_package' for CMake module files
[5.217s] Level 1:colcon.colcon_core.environment:checking '/root/ros2course/ch2-3-make-the-nodes-talk/install/msg_package' for CMake config files
[5.218s] Level 1:colcon.colcon_core.shell:create_environment_hook('msg_package', 'cmake_prefix_path')
[5.218s] INFO:colcon.colcon_core.shell:Creating environment hook '/root/ros2course/ch2-3-make-the-nodes-talk/install/msg_package/share/msg_package/hook/cmake_prefix_path.ps1'
[5.218s] INFO:colcon.colcon_core.shell:Creating environment descriptor '/root/ros2course/ch2-3-make-the-nodes-talk/install/msg_package/share/msg_package/hook/cmake_prefix_path.dsv'
[5.218s] INFO:colcon.colcon_core.shell:Creating environment hook '/root/ros2course/ch2-3-make-the-nodes-talk/install/msg_package/share/msg_package/hook/cmake_prefix_path.sh'
[5.219s] Level 1:colcon.colcon_core.environment:checking '/root/ros2course/ch2-3-make-the-nodes-talk/install/msg_package/lib'
[5.219s] Level 1:colcon.colcon_core.shell:create_environment_hook('msg_package', 'ld_library_path_lib')
[5.219s] INFO:colcon.colcon_core.shell:Creating environment hook '/root/ros2course/ch2-3-make-the-nodes-talk/install/msg_package/share/msg_package/hook/ld_library_path_lib.ps1'
[5.219s] INFO:colcon.colcon_core.shell:Creating environment descriptor '/root/ros2course/ch2-3-make-the-nodes-talk/install/msg_package/share/msg_package/hook/ld_library_path_lib.dsv'
[5.219s] INFO:colcon.colcon_core.shell:Creating environment hook '/root/ros2course/ch2-3-make-the-nodes-talk/install/msg_package/share/msg_package/hook/ld_library_path_lib.sh'
[5.219s] Level 1:colcon.colcon_core.environment:checking '/root/ros2course/ch2-3-make-the-nodes-talk/install/msg_package/bin'
[5.220s] Level 1:colcon.colcon_core.environment:checking '/root/ros2course/ch2-3-make-the-nodes-talk/install/msg_package/lib/pkgconfig/msg_package.pc'
[5.220s] Level 1:colcon.colcon_core.environment:checking '/root/ros2course/ch2-3-make-the-nodes-talk/install/msg_package/lib/python3.12/site-packages'
[5.220s] Level 1:colcon.colcon_core.shell:create_environment_hook('msg_package', 'pythonpath')
[5.220s] INFO:colcon.colcon_core.shell:Creating environment hook '/root/ros2course/ch2-3-make-the-nodes-talk/install/msg_package/share/msg_package/hook/pythonpath.ps1'
[5.220s] INFO:colcon.colcon_core.shell:Creating environment descriptor '/root/ros2course/ch2-3-make-the-nodes-talk/install/msg_package/share/msg_package/hook/pythonpath.dsv'
[5.220s] INFO:colcon.colcon_core.shell:Creating environment hook '/root/ros2course/ch2-3-make-the-nodes-talk/install/msg_package/share/msg_package/hook/pythonpath.sh'
[5.221s] Level 1:colcon.colcon_core.environment:checking '/root/ros2course/ch2-3-make-the-nodes-talk/install/msg_package/bin'
[5.221s] INFO:colcon.colcon_core.shell:Creating package script '/root/ros2course/ch2-3-make-the-nodes-talk/install/msg_package/share/msg_package/package.ps1'
[5.221s] INFO:colcon.colcon_core.shell:Creating package descriptor '/root/ros2course/ch2-3-make-the-nodes-talk/install/msg_package/share/msg_package/package.dsv'
[5.221s] INFO:colcon.colcon_core.shell:Creating package script '/root/ros2course/ch2-3-make-the-nodes-talk/install/msg_package/share/msg_package/package.sh'
[5.222s] INFO:colcon.colcon_core.shell:Creating package script '/root/ros2course/ch2-3-make-the-nodes-talk/install/msg_package/share/msg_package/package.bash'
[5.222s] INFO:colcon.colcon_core.shell:Creating package script '/root/ros2course/ch2-3-make-the-nodes-talk/install/msg_package/share/msg_package/package.zsh'
[5.222s] Level 1:colcon.colcon_core.environment:create_file_with_runtime_dependencies(/root/ros2course/ch2-3-make-the-nodes-talk/install/msg_package/share/colcon-core/packages/msg_package)
[5.222s] INFO:colcon.colcon_ros.task.ament_python.build:Building ROS package in '/root/ros2course/ch2-3-make-the-nodes-talk/src/broadcast_node' with build type 'ament_python'
[5.222s] Level 1:colcon.colcon_core.shell:create_environment_hook('broadcast_node', 'ament_prefix_path')
[5.223s] INFO:colcon.colcon_core.shell:Creating environment hook '/root/ros2course/ch2-3-make-the-nodes-talk/install/broadcast_node/share/broadcast_node/hook/ament_prefix_path.ps1'
[5.224s] INFO:colcon.colcon_core.shell:Creating environment descriptor '/root/ros2course/ch2-3-make-the-nodes-talk/install/broadcast_node/share/broadcast_node/hook/ament_prefix_path.dsv'
[5.224s] INFO:colcon.colcon_core.shell:Creating environment hook '/root/ros2course/ch2-3-make-the-nodes-talk/install/broadcast_node/share/broadcast_node/hook/ament_prefix_path.sh'
[5.224s] INFO:colcon.colcon_core.shell:Skip shell extension 'powershell' for command environment: Not usable outside of PowerShell
[5.224s] DEBUG:colcon.colcon_core.shell:Skip shell extension 'dsv' for command environment
[5.226s] INFO:colcon.colcon_ros.task.ament_cmake.build:Building ROS package in '/root/ros2course/ch2-3-make-the-nodes-talk/src/talker_node' with build type 'ament_cmake'
[5.226s] INFO:colcon.colcon_cmake.task.cmake.build:Building CMake package in '/root/ros2course/ch2-3-make-the-nodes-talk/src/talker_node'
[5.226s] INFO:colcon.colcon_core.shell:Skip shell extension 'powershell' for command environment: Not usable outside of PowerShell
[5.227s] DEBUG:colcon.colcon_core.shell:Skip shell extension 'dsv' for command environment
[5.355s] INFO:colcon.colcon_core.task.python.build:Building Python package in '/root/ros2course/ch2-3-make-the-nodes-talk/src/broadcast_node'
[5.355s] INFO:colcon.colcon_core.shell:Skip shell extension 'powershell' for command environment: Not usable outside of PowerShell
[5.355s] DEBUG:colcon.colcon_core.shell:Skip shell extension 'dsv' for command environment
[5.360s] DEBUG:colcon.colcon_core.event_handler.log_command:Invoking command in '/root/ros2course/ch2-3-make-the-nodes-talk/build/talker_node': AMENT_PREFIX_PATH=/root/ros2course/ch2-3-make-the-nodes-talk/install/msg_package:${AMENT_PREFIX_PATH} CMAKE_PREFIX_PATH=/root/ros2course/ch2-3-make-the-nodes-talk/install/msg_package:/root/ros2course/ch2-1-creating-nodes/ros2-node-test-workspace/install/ros2-sample-package-cmake:/opt/ros/jazzy/opt/gz_math_vendor:/opt/ros/jazzy/opt/gz_utils_vendor:/opt/ros/jazzy/opt/gz_cmake_vendor:/root/ros2course/ch2-1-creating-nodes/ros2-node-test-workspace/install/ros2-sample-package-python:/opt/ros/jazzy LD_LIBRARY_PATH=/root/ros2course/ch2-3-make-the-nodes-talk/install/msg_package/lib:${LD_LIBRARY_PATH} PYTHONPATH=/root/ros2course/ch2-3-make-the-nodes-talk/install/msg_package/lib/python3.12/site-packages:${PYTHONPATH} /usr/bin/cmake /root/ros2course/ch2-3-make-the-nodes-talk/src/talker_node -DAMENT_CMAKE_SYMLINK_INSTALL=1 -DCMAKE_INSTALL_PREFIX=/root/ros2course/ch2-3-make-the-nodes-talk/install/talker_node
[5.680s] DEBUG:colcon.colcon_core.event_handler.log_command:Invoking command in '/root/ros2course/ch2-3-make-the-nodes-talk/build/broadcast_node': AMENT_PREFIX_PATH=/root/ros2course/ch2-3-make-the-nodes-talk/install/msg_package:${AMENT_PREFIX_PATH} CMAKE_PREFIX_PATH=/root/ros2course/ch2-3-make-the-nodes-talk/install/msg_package:${CMAKE_PREFIX_PATH} LD_LIBRARY_PATH=/root/ros2course/ch2-3-make-the-nodes-talk/install/msg_package/lib:${LD_LIBRARY_PATH} PYTHONPATH=/root/ros2course/ch2-3-make-the-nodes-talk/build/broadcast_node/prefix_override:/usr/lib/python3/dist-packages/colcon_core/task/python/colcon_distutils_commands:/root/ros2course/ch2-3-make-the-nodes-talk/install/broadcast_node/lib/python3.12/site-packages:/root/ros2course/ch2-3-make-the-nodes-talk/install/msg_package/lib/python3.12/site-packages:${PYTHONPATH} /usr/bin/python3 -W ignore:setup.py install is deprecated -W ignore:easy_install command is deprecated setup.py develop --editable --build-directory /root/ros2course/ch2-3-make-the-nodes-talk/build/broadcast_node/build --no-deps symlink_data
[6.021s] Level 1:colcon.colcon_core.shell:create_environment_hook('broadcast_node', 'pythonpath_develop')
[6.021s] INFO:colcon.colcon_core.shell:Creating environment hook '/root/ros2course/ch2-3-make-the-nodes-talk/build/broadcast_node/share/broadcast_node/hook/pythonpath_develop.ps1'
[6.022s] DEBUG:colcon.colcon_core.event_handler.log_command:Invoked command in '/root/ros2course/ch2-3-make-the-nodes-talk/build/broadcast_node' returned '0': AMENT_PREFIX_PATH=/root/ros2course/ch2-3-make-the-nodes-talk/install/msg_package:${AMENT_PREFIX_PATH} CMAKE_PREFIX_PATH=/root/ros2course/ch2-3-make-the-nodes-talk/install/msg_package:${CMAKE_PREFIX_PATH} LD_LIBRARY_PATH=/root/ros2course/ch2-3-make-the-nodes-talk/install/msg_package/lib:${LD_LIBRARY_PATH} PYTHONPATH=/root/ros2course/ch2-3-make-the-nodes-talk/build/broadcast_node/prefix_override:/usr/lib/python3/dist-packages/colcon_core/task/python/colcon_distutils_commands:/root/ros2course/ch2-3-make-the-nodes-talk/install/broadcast_node/lib/python3.12/site-packages:/root/ros2course/ch2-3-make-the-nodes-talk/install/msg_package/lib/python3.12/site-packages:${PYTHONPATH} /usr/bin/python3 -W ignore:setup.py install is deprecated -W ignore:easy_install command is deprecated setup.py develop --editable --build-directory /root/ros2course/ch2-3-make-the-nodes-talk/build/broadcast_node/build --no-deps symlink_data
[6.022s] INFO:colcon.colcon_core.shell:Creating environment descriptor '/root/ros2course/ch2-3-make-the-nodes-talk/build/broadcast_node/share/broadcast_node/hook/pythonpath_develop.dsv'
[6.023s] INFO:colcon.colcon_core.shell:Creating environment hook '/root/ros2course/ch2-3-make-the-nodes-talk/build/broadcast_node/share/broadcast_node/hook/pythonpath_develop.sh'
[6.023s] Level 1:colcon.colcon_core.environment:checking '/root/ros2course/ch2-3-make-the-nodes-talk/install/broadcast_node' for CMake module files
[6.023s] Level 1:colcon.colcon_core.environment:checking '/root/ros2course/ch2-3-make-the-nodes-talk/install/broadcast_node' for CMake config files
[6.024s] Level 1:colcon.colcon_core.environment:checking '/root/ros2course/ch2-3-make-the-nodes-talk/install/broadcast_node/lib'
[6.024s] Level 1:colcon.colcon_core.environment:checking '/root/ros2course/ch2-3-make-the-nodes-talk/install/broadcast_node/bin'
[6.024s] Level 1:colcon.colcon_core.environment:checking '/root/ros2course/ch2-3-make-the-nodes-talk/install/broadcast_node/lib/pkgconfig/broadcast_node.pc'
[6.024s] Level 1:colcon.colcon_core.environment:checking '/root/ros2course/ch2-3-make-the-nodes-talk/install/broadcast_node/lib/python3.12/site-packages'
[6.024s] Level 1:colcon.colcon_core.shell:create_environment_hook('broadcast_node', 'pythonpath')
[6.024s] INFO:colcon.colcon_core.shell:Creating environment hook '/root/ros2course/ch2-3-make-the-nodes-talk/install/broadcast_node/share/broadcast_node/hook/pythonpath.ps1'
[6.024s] INFO:colcon.colcon_core.shell:Creating environment descriptor '/root/ros2course/ch2-3-make-the-nodes-talk/install/broadcast_node/share/broadcast_node/hook/pythonpath.dsv'
[6.025s] INFO:colcon.colcon_core.shell:Creating environment hook '/root/ros2course/ch2-3-make-the-nodes-talk/install/broadcast_node/share/broadcast_node/hook/pythonpath.sh'
[6.025s] Level 1:colcon.colcon_core.environment:checking '/root/ros2course/ch2-3-make-the-nodes-talk/install/broadcast_node/bin'
[6.025s] Level 1:colcon.colcon_core.environment:create_environment_scripts_only(broadcast_node)
[6.025s] INFO:colcon.colcon_core.shell:Creating package script '/root/ros2course/ch2-3-make-the-nodes-talk/install/broadcast_node/share/broadcast_node/package.ps1'
[6.025s] INFO:colcon.colcon_core.shell:Creating package descriptor '/root/ros2course/ch2-3-make-the-nodes-talk/install/broadcast_node/share/broadcast_node/package.dsv'
[6.026s] INFO:colcon.colcon_core.shell:Creating package script '/root/ros2course/ch2-3-make-the-nodes-talk/install/broadcast_node/share/broadcast_node/package.sh'
[6.026s] INFO:colcon.colcon_core.shell:Creating package script '/root/ros2course/ch2-3-make-the-nodes-talk/install/broadcast_node/share/broadcast_node/package.bash'
[6.026s] INFO:colcon.colcon_core.shell:Creating package script '/root/ros2course/ch2-3-make-the-nodes-talk/install/broadcast_node/share/broadcast_node/package.zsh'
[6.026s] Level 1:colcon.colcon_core.environment:create_file_with_runtime_dependencies(/root/ros2course/ch2-3-make-the-nodes-talk/install/broadcast_node/share/colcon-core/packages/broadcast_node)
[6.199s] DEBUG:colcon.colcon_core.event_handler.log_command:Invoked command in '/root/ros2course/ch2-3-make-the-nodes-talk/build/talker_node' returned '0': AMENT_PREFIX_PATH=/root/ros2course/ch2-3-make-the-nodes-talk/install/msg_package:${AMENT_PREFIX_PATH} CMAKE_PREFIX_PATH=/root/ros2course/ch2-3-make-the-nodes-talk/install/msg_package:/root/ros2course/ch2-1-creating-nodes/ros2-node-test-workspace/install/ros2-sample-package-cmake:/opt/ros/jazzy/opt/gz_math_vendor:/opt/ros/jazzy/opt/gz_utils_vendor:/opt/ros/jazzy/opt/gz_cmake_vendor:/root/ros2course/ch2-1-creating-nodes/ros2-node-test-workspace/install/ros2-sample-package-python:/opt/ros/jazzy LD_LIBRARY_PATH=/root/ros2course/ch2-3-make-the-nodes-talk/install/msg_package/lib:${LD_LIBRARY_PATH} PYTHONPATH=/root/ros2course/ch2-3-make-the-nodes-talk/install/msg_package/lib/python3.12/site-packages:${PYTHONPATH} /usr/bin/cmake /root/ros2course/ch2-3-make-the-nodes-talk/src/talker_node -DAMENT_CMAKE_SYMLINK_INSTALL=1 -DCMAKE_INSTALL_PREFIX=/root/ros2course/ch2-3-make-the-nodes-talk/install/talker_node
[6.200s] DEBUG:colcon.colcon_core.event_handler.log_command:Invoking command in '/root/ros2course/ch2-3-make-the-nodes-talk/build/talker_node': AMENT_PREFIX_PATH=/root/ros2course/ch2-3-make-the-nodes-talk/install/msg_package:${AMENT_PREFIX_PATH} CMAKE_PREFIX_PATH=/root/ros2course/ch2-3-make-the-nodes-talk/install/msg_package:/root/ros2course/ch2-1-creating-nodes/ros2-node-test-workspace/install/ros2-sample-package-cmake:/opt/ros/jazzy/opt/gz_math_vendor:/opt/ros/jazzy/opt/gz_utils_vendor:/opt/ros/jazzy/opt/gz_cmake_vendor:/root/ros2course/ch2-1-creating-nodes/ros2-node-test-workspace/install/ros2-sample-package-python:/opt/ros/jazzy LD_LIBRARY_PATH=/root/ros2course/ch2-3-make-the-nodes-talk/install/msg_package/lib:${LD_LIBRARY_PATH} PYTHONPATH=/root/ros2course/ch2-3-make-the-nodes-talk/install/msg_package/lib/python3.12/site-packages:${PYTHONPATH} /usr/bin/cmake --build /root/ros2course/ch2-3-make-the-nodes-talk/build/talker_node -- -j16 -l16
[8.715s] DEBUG:colcon.colcon_core.event_handler.log_command:Invoked command in '/root/ros2course/ch2-3-make-the-nodes-talk/build/talker_node' returned '0': AMENT_PREFIX_PATH=/root/ros2course/ch2-3-make-the-nodes-talk/install/msg_package:${AMENT_PREFIX_PATH} CMAKE_PREFIX_PATH=/root/ros2course/ch2-3-make-the-nodes-talk/install/msg_package:/root/ros2course/ch2-1-creating-nodes/ros2-node-test-workspace/install/ros2-sample-package-cmake:/opt/ros/jazzy/opt/gz_math_vendor:/opt/ros/jazzy/opt/gz_utils_vendor:/opt/ros/jazzy/opt/gz_cmake_vendor:/root/ros2course/ch2-1-creating-nodes/ros2-node-test-workspace/install/ros2-sample-package-python:/opt/ros/jazzy LD_LIBRARY_PATH=/root/ros2course/ch2-3-make-the-nodes-talk/install/msg_package/lib:${LD_LIBRARY_PATH} PYTHONPATH=/root/ros2course/ch2-3-make-the-nodes-talk/install/msg_package/lib/python3.12/site-packages:${PYTHONPATH} /usr/bin/cmake --build /root/ros2course/ch2-3-make-the-nodes-talk/build/talker_node -- -j16 -l16
[8.716s] DEBUG:colcon.colcon_core.event_handler.log_command:Invoking command in '/root/ros2course/ch2-3-make-the-nodes-talk/build/talker_node': AMENT_PREFIX_PATH=/root/ros2course/ch2-3-make-the-nodes-talk/install/msg_package:${AMENT_PREFIX_PATH} CMAKE_PREFIX_PATH=/root/ros2course/ch2-3-make-the-nodes-talk/install/msg_package:/root/ros2course/ch2-1-creating-nodes/ros2-node-test-workspace/install/ros2-sample-package-cmake:/opt/ros/jazzy/opt/gz_math_vendor:/opt/ros/jazzy/opt/gz_utils_vendor:/opt/ros/jazzy/opt/gz_cmake_vendor:/root/ros2course/ch2-1-creating-nodes/ros2-node-test-workspace/install/ros2-sample-package-python:/opt/ros/jazzy LD_LIBRARY_PATH=/root/ros2course/ch2-3-make-the-nodes-talk/install/msg_package/lib:${LD_LIBRARY_PATH} PYTHONPATH=/root/ros2course/ch2-3-make-the-nodes-talk/install/msg_package/lib/python3.12/site-packages:${PYTHONPATH} /usr/bin/cmake --install /root/ros2course/ch2-3-make-the-nodes-talk/build/talker_node
[8.819s] Level 1:colcon.colcon_core.environment:create_environment_scripts_only(talker_node)
[8.819s] Level 1:colcon.colcon_core.environment:checking '/root/ros2course/ch2-3-make-the-nodes-talk/install/talker_node' for CMake module files
[8.820s] DEBUG:colcon.colcon_core.event_handler.log_command:Invoked command in '/root/ros2course/ch2-3-make-the-nodes-talk/build/talker_node' returned '0': AMENT_PREFIX_PATH=/root/ros2course/ch2-3-make-the-nodes-talk/install/msg_package:${AMENT_PREFIX_PATH} CMAKE_PREFIX_PATH=/root/ros2course/ch2-3-make-the-nodes-talk/install/msg_package:/root/ros2course/ch2-1-creating-nodes/ros2-node-test-workspace/install/ros2-sample-package-cmake:/opt/ros/jazzy/opt/gz_math_vendor:/opt/ros/jazzy/opt/gz_utils_vendor:/opt/ros/jazzy/opt/gz_cmake_vendor:/root/ros2course/ch2-1-creating-nodes/ros2-node-test-workspace/install/ros2-sample-package-python:/opt/ros/jazzy LD_LIBRARY_PATH=/root/ros2course/ch2-3-make-the-nodes-talk/install/msg_package/lib:${LD_LIBRARY_PATH} PYTHONPATH=/root/ros2course/ch2-3-make-the-nodes-talk/install/msg_package/lib/python3.12/site-packages:${PYTHONPATH} /usr/bin/cmake --install /root/ros2course/ch2-3-make-the-nodes-talk/build/talker_node
[8.820s] Level 1:colcon.colcon_core.environment:checking '/root/ros2course/ch2-3-make-the-nodes-talk/install/talker_node' for CMake config files
[8.820s] Level 1:colcon.colcon_core.shell:create_environment_hook('talker_node', 'cmake_prefix_path')
[8.821s] INFO:colcon.colcon_core.shell:Creating environment hook '/root/ros2course/ch2-3-make-the-nodes-talk/install/talker_node/share/talker_node/hook/cmake_prefix_path.ps1'
[8.821s] INFO:colcon.colcon_core.shell:Creating environment descriptor '/root/ros2course/ch2-3-make-the-nodes-talk/install/talker_node/share/talker_node/hook/cmake_prefix_path.dsv'
[8.821s] INFO:colcon.colcon_core.shell:Creating environment hook '/root/ros2course/ch2-3-make-the-nodes-talk/install/talker_node/share/talker_node/hook/cmake_prefix_path.sh'
[8.822s] Level 1:colcon.colcon_core.environment:checking '/root/ros2course/ch2-3-make-the-nodes-talk/install/talker_node/lib'
[8.822s] Level 1:colcon.colcon_core.environment:checking '/root/ros2course/ch2-3-make-the-nodes-talk/install/talker_node/bin'
[8.822s] Level 1:colcon.colcon_core.environment:checking '/root/ros2course/ch2-3-make-the-nodes-talk/install/talker_node/lib/pkgconfig/talker_node.pc'
[8.822s] Level 1:colcon.colcon_core.environment:checking '/root/ros2course/ch2-3-make-the-nodes-talk/install/talker_node/lib/python3.12/site-packages'
[8.822s] Level 1:colcon.colcon_core.environment:checking '/root/ros2course/ch2-3-make-the-nodes-talk/install/talker_node/bin'
[8.822s] INFO:colcon.colcon_core.shell:Creating package script '/root/ros2course/ch2-3-make-the-nodes-talk/install/talker_node/share/talker_node/package.ps1'
[8.822s] INFO:colcon.colcon_core.shell:Creating package descriptor '/root/ros2course/ch2-3-make-the-nodes-talk/install/talker_node/share/talker_node/package.dsv'
[8.823s] INFO:colcon.colcon_core.shell:Creating package script '/root/ros2course/ch2-3-make-the-nodes-talk/install/talker_node/share/talker_node/package.sh'
[8.823s] INFO:colcon.colcon_core.shell:Creating package script '/root/ros2course/ch2-3-make-the-nodes-talk/install/talker_node/share/talker_node/package.bash'
[8.823s] INFO:colcon.colcon_core.shell:Creating package script '/root/ros2course/ch2-3-make-the-nodes-talk/install/talker_node/share/talker_node/package.zsh'
[8.823s] Level 1:colcon.colcon_core.environment:create_file_with_runtime_dependencies(/root/ros2course/ch2-3-make-the-nodes-talk/install/talker_node/share/colcon-core/packages/talker_node)
[8.824s] Level 1:colcon.colcon_core.environment:create_environment_scripts_only(talker_node)
[8.824s] Level 1:colcon.colcon_core.environment:checking '/root/ros2course/ch2-3-make-the-nodes-talk/install/talker_node' for CMake module files
[8.824s] Level 1:colcon.colcon_core.environment:checking '/root/ros2course/ch2-3-make-the-nodes-talk/install/talker_node' for CMake config files
[8.824s] Level 1:colcon.colcon_core.shell:create_environment_hook('talker_node', 'cmake_prefix_path')
[8.824s] INFO:colcon.colcon_core.shell:Creating environment hook '/root/ros2course/ch2-3-make-the-nodes-talk/install/talker_node/share/talker_node/hook/cmake_prefix_path.ps1'
[8.825s] INFO:colcon.colcon_core.shell:Creating environment descriptor '/root/ros2course/ch2-3-make-the-nodes-talk/install/talker_node/share/talker_node/hook/cmake_prefix_path.dsv'
[8.825s] INFO:colcon.colcon_core.shell:Creating environment hook '/root/ros2course/ch2-3-make-the-nodes-talk/install/talker_node/share/talker_node/hook/cmake_prefix_path.sh'
[8.825s] Level 1:colcon.colcon_core.environment:checking '/root/ros2course/ch2-3-make-the-nodes-talk/install/talker_node/lib'
[8.825s] Level 1:colcon.colcon_core.environment:checking '/root/ros2course/ch2-3-make-the-nodes-talk/install/talker_node/bin'
[8.825s] Level 1:colcon.colcon_core.environment:checking '/root/ros2course/ch2-3-make-the-nodes-talk/install/talker_node/lib/pkgconfig/talker_node.pc'
[8.826s] Level 1:colcon.colcon_core.environment:checking '/root/ros2course/ch2-3-make-the-nodes-talk/install/talker_node/lib/python3.12/site-packages'
[8.826s] Level 1:colcon.colcon_core.environment:checking '/root/ros2course/ch2-3-make-the-nodes-talk/install/talker_node/bin'
[8.826s] INFO:colcon.colcon_core.shell:Creating package script '/root/ros2course/ch2-3-make-the-nodes-talk/install/talker_node/share/talker_node/package.ps1'
[8.826s] INFO:colcon.colcon_core.shell:Creating package descriptor '/root/ros2course/ch2-3-make-the-nodes-talk/install/talker_node/share/talker_node/package.dsv'
[8.826s] INFO:colcon.colcon_core.shell:Creating package script '/root/ros2course/ch2-3-make-the-nodes-talk/install/talker_node/share/talker_node/package.sh'
[8.827s] INFO:colcon.colcon_core.shell:Creating package script '/root/ros2course/ch2-3-make-the-nodes-talk/install/talker_node/share/talker_node/package.bash'
[8.827s] INFO:colcon.colcon_core.shell:Creating package script '/root/ros2course/ch2-3-make-the-nodes-talk/install/talker_node/share/talker_node/package.zsh'
[8.827s] Level 1:colcon.colcon_core.environment:create_file_with_runtime_dependencies(/root/ros2course/ch2-3-make-the-nodes-talk/install/talker_node/share/colcon-core/packages/talker_node)
[8.827s] DEBUG:colcon.colcon_parallel_executor.executor.parallel:closing loop
[8.828s] DEBUG:colcon.colcon_parallel_executor.executor.parallel:loop closed
[8.829s] DEBUG:colcon.colcon_parallel_executor.executor.parallel:run_until_complete finished with '0'
[8.829s] DEBUG:colcon.colcon_core.event_reactor:joining thread
[8.837s] INFO:colcon.colcon_core.plugin_system:Skipping extension 'colcon_notification.desktop_notification.notify_send': Could not find 'notify-send'
[8.837s] INFO:colcon.colcon_core.plugin_system:Skipping extension 'colcon_notification.desktop_notification.terminal_notifier': Not used on non-Darwin systems
[8.837s] INFO:colcon.colcon_core.plugin_system:Skipping extension 'colcon_notification.desktop_notification.win32': Not used on non-Windows systems
[8.837s] INFO:colcon.colcon_notification.desktop_notification:Sending desktop notification using 'notify2'
[8.839s] DEBUG:colcon.colcon_notification.desktop_notification.notify2:Failed to initialize notify2: org.freedesktop.DBus.Error.Spawn.ExecFailed: /usr/bin/dbus-launch terminated abnormally without any error message
[8.839s] DEBUG:colcon.colcon_core.event_reactor:joined thread
[8.840s] INFO:colcon.colcon_core.shell:Creating prefix script '/root/ros2course/ch2-3-make-the-nodes-talk/install/local_setup.ps1'
[8.840s] INFO:colcon.colcon_core.shell:Creating prefix util module '/root/ros2course/ch2-3-make-the-nodes-talk/install/_local_setup_util_ps1.py'
[8.841s] INFO:colcon.colcon_core.shell:Creating prefix chain script '/root/ros2course/ch2-3-make-the-nodes-talk/install/setup.ps1'
[8.842s] INFO:colcon.colcon_core.shell:Creating prefix script '/root/ros2course/ch2-3-make-the-nodes-talk/install/local_setup.sh'
[8.843s] INFO:colcon.colcon_core.shell:Creating prefix util module '/root/ros2course/ch2-3-make-the-nodes-talk/install/_local_setup_util_sh.py'
[8.843s] INFO:colcon.colcon_core.shell:Creating prefix chain script '/root/ros2course/ch2-3-make-the-nodes-talk/install/setup.sh'
[8.844s] INFO:colcon.colcon_core.shell:Creating prefix script '/root/ros2course/ch2-3-make-the-nodes-talk/install/local_setup.bash'
[8.845s] INFO:colcon.colcon_core.shell:Creating prefix chain script '/root/ros2course/ch2-3-make-the-nodes-talk/install/setup.bash'
[8.846s] INFO:colcon.colcon_core.shell:Creating prefix script '/root/ros2course/ch2-3-make-the-nodes-talk/install/local_setup.zsh'
[8.846s] INFO:colcon.colcon_core.shell:Creating prefix chain script '/root/ros2course/ch2-3-make-the-nodes-talk/install/setup.zsh'
